<?xml version="1.0" encoding="utf-8"?><testsuites name="pytest tests"><testsuite name="pytest" errors="0" failures="0" skipped="0" tests="10" time="1.226" timestamp="2026-08-07T03:53:35.595962+00:00" hostname="agent-env-bedc514b-de77-4ba5-bb4c-feb337da8b9b"><testcase classname="tests.backend_test.TestBlog" name="test_list_blog_returns_seeded_posts" time="0.355" /><testcase classname="tests.backend_test.TestEnquiries" name="test_create_enquiry_demo" time="0.355" /><testcase classname="tests.backend_test.TestEnquiries" name="test_create_enquiry_contact_minimal" time="0.048" /><testcase classname="tests.backend_test.TestBlog" name="test_get_blog_by_valid_slug" time="0.114" /><testcase classname="tests.backend_test.TestEnquiries" name="test_create_enquiry_assessment" time="0.045" /><testcase classname="tests.backend_test.TestEnquiries" name="test_create_enquiry_invalid_kind_rejected" time="0.083" /><testcase classname="tests.backend_test.TestBlog" name="test_get_blog_specific_seeded_slug" time="0.046" /><testcase classname="tests.backend_test.TestBlog" name="test_get_blog_invalid_slug_returns_404" time="0.085" /><testcase classname="tests.backend_test.TestEnquiries" name="test_create_enquiry_missing_required" time="0.042" /><testcase classname="tests.backend_test.TestEnquiries" name="test_list_enquiries_returns_recent_first" time="0.108" /></testsuite></testsuites>