<?xml version="1.0" encoding="utf-8"?><testsuites name="pytest tests"><testsuite name="pytest" errors="0" failures="0" skipped="0" tests="11" time="1.949" timestamp="2026-08-07T04:06:39.240350+00:00" hostname="agent-env-bedc514b-de77-4ba5-bb4c-feb337da8b9b"><testcase classname="tests.test_admin_and_spam.TestAdminCRUD" name="test_patch_and_delete_flow" time="0.638" /><testcase classname="tests.test_admin_and_spam.TestAdminAuthAllowlist" name="test_admin_enquiries_no_token_401" time="0.288" /><testcase classname="tests.test_admin_and_spam.TestAdminAuthAllowlist" name="test_admin_enquiries_nonadmin_403" time="0.047" /><testcase classname="tests.test_admin_and_spam.TestAdminAuthAllowlist" name="test_admin_enquiries_admin_200" time="0.051" /><testcase classname="tests.test_admin_and_spam.TestAdminAuthAllowlist" name="test_auth_me_admin_is_admin_true" time="0.087" /><testcase classname="tests.test_admin_and_spam.TestAdminAuthAllowlist" name="test_auth_me_nonadmin_is_admin_false" time="0.058" /><testcase classname="tests.test_admin_and_spam.TestAdminAuthAllowlist" name="test_auth_me_no_token_401" time="0.042" /><testcase classname="tests.test_admin_and_spam.TestHoneypot" name="test_honeypot_returns_200_but_not_stored" time="0.093" /><testcase classname="tests.test_admin_and_spam.TestAdminCRUD" name="test_export_csv" time="0.088" /><testcase classname="tests.test_admin_and_spam.TestRateLimit" name="test_rate_limit_triggers_429" time="0.719" /><testcase classname="tests.test_admin_and_spam.TestAdminCRUD" name="test_export_forbidden_for_nonadmin" time="0.106" /></testsuite></testsuites>